[03-Mar-2026 00:09:51 UTC] PHP Warning:  Undefined array key "host" in /workspaces/-UX-221-Assignment-2/.wordpress/wp-includes/pluggable.php on line 1721
[03-Mar-2026 00:20:45 UTC] PHP Warning:  Attempt to read property "queue" on null in /workspaces/-UX-221-Assignment-2/.wordpress/wp-includes/class-wp-oembed-controller.php on line 211
[03-Mar-2026 00:20:45 UTC] PHP Warning:  foreach() argument must be of type array|object, null given in /workspaces/-UX-221-Assignment-2/.wordpress/wp-includes/class-wp-oembed-controller.php on line 211
[03-Mar-2026 00:22:50 UTC] PHP Warning:  Attempt to read property "queue" on null in /workspaces/-UX-221-Assignment-2/.wordpress/wp-includes/class-wp-oembed-controller.php on line 211
[03-Mar-2026 00:22:50 UTC] PHP Warning:  foreach() argument must be of type array|object, null given in /workspaces/-UX-221-Assignment-2/.wordpress/wp-includes/class-wp-oembed-controller.php on line 211
[03-Mar-2026 00:39:52 UTC] PHP Warning:  Undefined variable $parent_theme_name in /workspaces/-UX-221-Assignment-2/.wordpress/wp-content/mu-plugins/one-click-child-theme/templates/create_child_form.php on line 18
[03-Mar-2026 00:40:51 UTC] PHP Warning:  Undefined variable $parent_theme_name in /workspaces/-UX-221-Assignment-2/.wordpress/wp-content/mu-plugins/one-click-child-theme/templates/create_child_form.php on line 18
[03-Mar-2026 01:10:19 UTC] PHP Fatal error:  Out of memory (allocated 33554432 bytes) (tried to allocate 2097152 bytes) in /workspaces/-UX-221-Assignment-2/.wordpress/wp-admin/includes/user.php on line 169
[03-Mar-2026 01:11:05 UTC] PHP Fatal error:  Out of memory (allocated 31457280 bytes) (tried to allocate 16384 bytes) in /workspaces/-UX-221-Assignment-2/.wordpress/wp-admin/includes/template.php on line 2125
[10-Mar-2026 00:20:04 UTC] PHP Fatal error:  Out of memory (allocated 39845888 bytes) (tried to allocate 2097152 bytes) in /workspaces/-UX-221-Assignment-3/.wordpress/wp-content/plugins/ecommerce-product-catalog/includes/product-filters.php on line 224
[10-Mar-2026 00:20:04 UTC] PHP Fatal error:  Out of memory (allocated 39845888 bytes) (tried to allocate 2097152 bytes) in /workspaces/-UX-221-Assignment-3/.wordpress/wp-includes/Requests/src/Cookie/Jar.php on line 32
[10-Mar-2026 00:20:04 UTC] PHP Fatal error:  Out of memory (allocated 35651584 bytes) (tried to allocate 2097152 bytes) in /workspaces/-UX-221-Assignment-3/.wordpress/wp-content/plugins/ecommerce-product-catalog/includes/extensions.php on line 935
[10-Mar-2026 00:20:04 UTC] PHP Fatal error:  Out of memory (allocated 35651584 bytes) (tried to allocate 2097152 bytes) in /workspaces/-UX-221-Assignment-3/.wordpress/wp-includes/sodium_compat/src/Core/Util.php on line 12
[10-Mar-2026 00:20:17 UTC] PHP Fatal error:  Out of memory (allocated 33554432 bytes) (tried to allocate 2097152 bytes) in /workspaces/-UX-221-Assignment-3/.wordpress/wp-content/plugins/ecommerce-product-catalog/includes/extensions.php on line 927
[10-Mar-2026 00:20:17 UTC] PHP Fatal error:  Out of memory (allocated 33554432 bytes) (tried to allocate 2097152 bytes) in /workspaces/-UX-221-Assignment-3/.wordpress/wp-includes/Requests/src/Cookie/Jar.php on line 32
[10-Mar-2026 00:21:10 UTC] PHP Fatal error:  Out of memory (allocated 33554432 bytes) (tried to allocate 2097152 bytes) in /workspaces/-UX-221-Assignment-3/.wordpress/wp-content/plugins/ecommerce-product-catalog/includes/extensions.php on line 927
[10-Mar-2026 00:21:10 UTC] PHP Fatal error:  Out of memory (allocated 33554432 bytes) (tried to allocate 2097152 bytes) in /workspaces/-UX-221-Assignment-3/.wordpress/wp-includes/Requests/src/Cookie/Jar.php on line 32
[10-Mar-2026 00:21:13 UTC] PHP Fatal error:  Out of memory (allocated 33554432 bytes) (tried to allocate 2097152 bytes) in /workspaces/-UX-221-Assignment-3/.wordpress/wp-content/plugins/ecommerce-product-catalog/includes/extensions.php on line 1299
[10-Mar-2026 00:21:13 UTC] PHP Fatal error:  Out of memory (allocated 33554432 bytes) (tried to allocate 2097152 bytes) in /workspaces/-UX-221-Assignment-3/.wordpress/wp-includes/Requests/src/Cookie/Jar.php on line 32
[10-Mar-2026 00:21:14 UTC] PHP Fatal error:  Out of memory (allocated 33554432 bytes) (tried to allocate 2097152 bytes) in /workspaces/-UX-221-Assignment-3/.wordpress/wp-content/plugins/ecommerce-product-catalog/includes/extensions.php on line 935
[10-Mar-2026 00:21:14 UTC] PHP Fatal error:  Out of memory (allocated 33554432 bytes) (tried to allocate 2097152 bytes) in /workspaces/-UX-221-Assignment-3/.wordpress/wp-includes/Requests/src/Cookie/Jar.php on line 32
[10-Mar-2026 00:21:15 UTC] PHP Fatal error:  Out of memory (allocated 33554432 bytes) (tried to allocate 2097152 bytes) in /workspaces/-UX-221-Assignment-3/.wordpress/wp-content/plugins/ecommerce-product-catalog/includes/extensions.php on line 1299
[10-Mar-2026 00:21:15 UTC] PHP Fatal error:  Out of memory (allocated 33554432 bytes) (tried to allocate 2097152 bytes) in /workspaces/-UX-221-Assignment-3/.wordpress/wp-includes/Requests/src/Cookie/Jar.php on line 32
[10-Mar-2026 00:21:25 UTC] PHP Fatal error:  Out of memory (allocated 33554432 bytes) (tried to allocate 2097152 bytes) in /workspaces/-UX-221-Assignment-3/.wordpress/wp-content/plugins/ecommerce-product-catalog/includes/product-filters.php on line 381
[10-Mar-2026 00:21:25 UTC] PHP Fatal error:  Out of memory (allocated 33554432 bytes) (tried to allocate 2097152 bytes) in /workspaces/-UX-221-Assignment-3/.wordpress/wp-includes/Requests/src/Cookie/Jar.php on line 32
[10-Mar-2026 00:21:58 UTC] PHP Fatal error:  Out of memory (allocated 31457280 bytes) (tried to allocate 2097152 bytes) in /workspaces/-UX-221-Assignment-3/.wordpress/wp-content/plugins/ecommerce-product-catalog/includes/product-filters.php on line 586
[10-Mar-2026 00:21:58 UTC] PHP Fatal error:  Out of memory (allocated 31457280 bytes) (tried to allocate 2097152 bytes) in /workspaces/-UX-221-Assignment-3/.wordpress/wp-includes/Requests/src/Cookie/Jar.php on line 32
[10-Mar-2026 00:22:54 UTC] PHP Fatal error:  Out of memory (allocated 31457280 bytes) (tried to allocate 2097152 bytes) in /workspaces/-UX-221-Assignment-3/.wordpress/wp-content/plugins/ecommerce-product-catalog/includes/product-filters.php on line 381
[10-Mar-2026 00:22:54 UTC] PHP Fatal error:  Out of memory (allocated 31457280 bytes) (tried to allocate 2097152 bytes) in /workspaces/-UX-221-Assignment-3/.wordpress/wp-includes/Requests/src/Cookie/Jar.php on line 32
[24-Mar-2026 00:49:47 UTC] PHP Fatal error:  Out of memory (allocated 39845888 bytes) (tried to allocate 4096 bytes) in /workspaces/-UX-221-Assignment-4/.wordpress/wp-includes/rest-api/class-wp-rest-server.php on line 995
